  [1m[35m (0.1ms)[0m  [1m[35mDROP TABLE IF EXISTS "players"[0m
  ↳ db/schema.rb:15
  [1m[35m (0.1ms)[0m  [1m[34mSELECT sqlite_version(*)[0m
  ↳ db/schema.rb:15
  [1m[35m (1329.3ms)[0m  [1m[35mCREATE TABLE "players" ("id" integer PRIMARY KEY AUTOINCREMENT NOT NULL, "name" varchar, "wins" integer DEFAULT 0, "losses" integer DEFAULT 0, "draws" integer DEFAULT 0, "created_at" datetime NOT NULL, "updated_at" datetime NOT NULL)[0m
  ↳ db/schema.rb:15
  [1m[35m (1065.4ms)[0m  [1m[35mCREATE TABLE "schema_migrations" ("version" varchar NOT NULL PRIMARY KEY)[0m
  ↳ db/schema.rb:13
  [1m[35m (0.1ms)[0m  [1m[34mSELECT "schema_migrations"."version" FROM "schema_migrations" ORDER BY "schema_migrations"."version" ASC[0m
  ↳ db/schema.rb:13
  [1m[35m (1408.5ms)[0m  [1m[32mINSERT INTO "schema_migrations" (version) VALUES (20181119085056)[0m
  ↳ db/schema.rb:13
  [1m[35m (369.1ms)[0m  [1m[35mCREATE TABLE "ar_internal_metadata" ("key" varchar NOT NULL PRIMARY KEY, "value" varchar, "created_at" datetime NOT NULL, "updated_at" datetime NOT NULL)[0m
  ↳ db/schema.rb:13
  [1m[36mActiveRecord::InternalMetadata Load (0.2ms)[0m  [1m[34mSELECT  "ar_internal_metadata".* FROM "ar_internal_metadata" WHERE "ar_internal_metadata"."key" = ? LIMIT ?[0m  [["key", "environment"], ["LIMIT", 1]]
  ↳ db/schema.rb:13
  [1m[35m (0.1ms)[0m  [1m[36mbegin transaction[0m
  ↳ db/schema.rb:13
  [1m[36mActiveRecord::InternalMetadata Create (0.4ms)[0m  [1m[32mINSERT INTO "ar_internal_metadata" ("key", "value", "created_at", "updated_at") VALUES (?, ?, ?, ?)[0m  [["key", "environment"], ["value", "development"], ["created_at", "2020-07-05 14:47:57.373829"], ["updated_at", "2020-07-05 14:47:57.373829"]]
  ↳ db/schema.rb:13
  [1m[35m (235.2ms)[0m  [1m[36mcommit transaction[0m
  ↳ db/schema.rb:13
  [1m[36mActiveRecord::InternalMetadata Load (0.1ms)[0m  [1m[34mSELECT  "ar_internal_metadata".* FROM "ar_internal_metadata" WHERE "ar_internal_metadata"."key" = ? LIMIT ?[0m  [["key", "environment"], ["LIMIT", 1]]
  ↳ /home/milo/.rvm/gems/ruby-2.5.3/bin/rake:23
  [1m[35m (0.1ms)[0m  [1m[36mbegin transaction[0m
  ↳ /home/milo/.rvm/gems/ruby-2.5.3/bin/rake:23
  [1m[35m (0.1ms)[0m  [1m[36mcommit transaction[0m
  ↳ /home/milo/.rvm/gems/ruby-2.5.3/bin/rake:23
  [1m[35m (0.1ms)[0m  [1m[35mDROP TABLE IF EXISTS "players"[0m
  ↳ db/schema.rb:15
  [1m[35m (0.1ms)[0m  [1m[34mSELECT sqlite_version(*)[0m
  ↳ db/schema.rb:15
  [1m[35m (462.6ms)[0m  [1m[35mCREATE TABLE "players" ("id" integer PRIMARY KEY AUTOINCREMENT NOT NULL, "name" varchar, "wins" integer DEFAULT 0, "losses" integer DEFAULT 0, "draws" integer DEFAULT 0, "created_at" datetime NOT NULL, "updated_at" datetime NOT NULL)[0m
  ↳ db/schema.rb:15
  [1m[35m (330.8ms)[0m  [1m[35mCREATE TABLE "schema_migrations" ("version" varchar NOT NULL PRIMARY KEY)[0m
  ↳ db/schema.rb:13
  [1m[35m (0.2ms)[0m  [1m[34mSELECT "schema_migrations"."version" FROM "schema_migrations" ORDER BY "schema_migrations"."version" ASC[0m
  ↳ db/schema.rb:13
  [1m[35m (78.6ms)[0m  [1m[32mINSERT INTO "schema_migrations" (version) VALUES (20181119085056)[0m
  ↳ db/schema.rb:13
  [1m[35m (134.9ms)[0m  [1m[35mCREATE TABLE "ar_internal_metadata" ("key" varchar NOT NULL PRIMARY KEY, "value" varchar, "created_at" datetime NOT NULL, "updated_at" datetime NOT NULL)[0m
  ↳ db/schema.rb:13
  [1m[36mActiveRecord::InternalMetadata Load (0.2ms)[0m  [1m[34mSELECT  "ar_internal_metadata".* FROM "ar_internal_metadata" WHERE "ar_internal_metadata"."key" = ? LIMIT ?[0m  [["key", "environment"], ["LIMIT", 1]]
  ↳ db/schema.rb:13
  [1m[35m (0.1ms)[0m  [1m[36mbegin transaction[0m
  ↳ db/schema.rb:13
  [1m[36mActiveRecord::InternalMetadata Create (0.3ms)[0m  [1m[32mINSERT INTO "ar_internal_metadata" ("key", "value", "created_at", "updated_at") VALUES (?, ?, ?, ?)[0m  [["key", "environment"], ["value", "development"], ["created_at", "2020-07-05 14:47:58.633301"], ["updated_at", "2020-07-05 14:47:58.633301"]]
  ↳ db/schema.rb:13
  [1m[35m (66.9ms)[0m  [1m[36mcommit transaction[0m
  ↳ db/schema.rb:13
  [1m[36mActiveRecord::InternalMetadata Load (0.1ms)[0m  [1m[34mSELECT  "ar_internal_metadata".* FROM "ar_internal_metadata" WHERE "ar_internal_metadata"."key" = ? LIMIT ?[0m  [["key", "environment"], ["LIMIT", 1]]
  ↳ /home/milo/.rvm/gems/ruby-2.5.3/bin/rake:23
  [1m[35m (0.1ms)[0m  [1m[36mbegin transaction[0m
  ↳ /home/milo/.rvm/gems/ruby-2.5.3/bin/rake:23
  [1m[36mActiveRecord::InternalMetadata Update (0.3ms)[0m  [1m[33mUPDATE "ar_internal_metadata" SET "value" = ?, "updated_at" = ? WHERE "ar_internal_metadata"."key" = ?[0m  [["value", "test"], ["updated_at", "2020-07-05 14:47:58.703567"], ["key", "environment"]]
  ↳ /home/milo/.rvm/gems/ruby-2.5.3/bin/rake:23
  [1m[35m (54.7ms)[0m  [1m[36mcommit transaction[0m
  ↳ /home/milo/.rvm/gems/ruby-2.5.3/bin/rake:23
  [1m[35m (0.2ms)[0m  [1m[34mSELECT "schema_migrations"."version" FROM "schema_migrations" ORDER BY "schema_migrations"."version" ASC[0m
  ↳ /home/milo/.rvm/gems/ruby-2.5.3/bin/rake:23
  [1m[35m (0.1ms)[0m  [1m[36mbegin transaction[0m
  ↳ db/seeds.rb:1
  [1m[36mPlayer Create (0.3ms)[0m  [1m[32mINSERT INTO "players" ("name", "wins", "losses", "created_at", "updated_at") VALUES (?, ?, ?, ?, ?)[0m  [["name", "Jeff Bezos"], ["wins", 5], ["losses", 2], ["created_at", "2020-07-05 14:47:58.801204"], ["updated_at", "2020-07-05 14:47:58.801204"]]
  ↳ db/seeds.rb:1
  [1m[35m (414.5ms)[0m  [1m[36mcommit transaction[0m
  ↳ db/seeds.rb:1
  [1m[35m (0.1ms)[0m  [1m[36mbegin transaction[0m
  ↳ db/seeds.rb:2
  [1m[36mPlayer Create (0.4ms)[0m  [1m[32mINSERT INTO "players" ("name", "wins", "losses", "draws", "created_at", "updated_at") VALUES (?, ?, ?, ?, ?, ?)[0m  [["name", "Bill Gates"], ["wins", 1], ["losses", 8], ["draws", 3], ["created_at", "2020-07-05 14:47:59.218737"], ["updated_at", "2020-07-05 14:47:59.218737"]]
  ↳ db/seeds.rb:2
  [1m[35m (113.8ms)[0m  [1m[36mcommit transaction[0m
  ↳ db/seeds.rb:2
  [1m[35m (0.1ms)[0m  [1m[36mbegin transaction[0m
  ↳ db/seeds.rb:3
  [1m[36mPlayer Create (0.4ms)[0m  [1m[32mINSERT INTO "players" ("name", "wins", "losses", "draws", "created_at", "updated_at") VALUES (?, ?, ?, ?, ?, ?)[0m  [["name", "Justin Trudeau"], ["wins", 42], ["losses", 12], ["draws", 10], ["created_at", "2020-07-05 14:47:59.335663"], ["updated_at", "2020-07-05 14:47:59.335663"]]
  ↳ db/seeds.rb:3
  [1m[35m (71.7ms)[0m  [1m[36mcommit transaction[0m
  ↳ db/seeds.rb:3
  [1m[35m (0.1ms)[0m  [1m[36mbegin transaction[0m
  ↳ db/seeds.rb:4
  [1m[36mPlayer Create (0.3ms)[0m  [1m[32mINSERT INTO "players" ("name", "wins", "losses", "draws", "created_at", "updated_at") VALUES (?, ?, ?, ?, ?, ?)[0m  [["name", "Steven Harper"], ["wins", 25], ["losses", 22], ["draws", 10], ["created_at", "2020-07-05 14:47:59.409891"], ["updated_at", "2020-07-05 14:47:59.409891"]]
  ↳ db/seeds.rb:4
  [1m[35m (72.9ms)[0m  [1m[36mcommit transaction[0m
  ↳ db/seeds.rb:4
  [1m[35m (0.1ms)[0m  [1m[36mbegin transaction[0m
  ↳ db/seeds.rb:5
  [1m[36mPlayer Create (0.4ms)[0m  [1m[32mINSERT INTO "players" ("name", "wins", "losses", "draws", "created_at", "updated_at") VALUES (?, ?, ?, ?, ?, ?)[0m  [["name", "Elon Musk"], ["wins", 11], ["losses", 3], ["draws", 9], ["created_at", "2020-07-05 14:47:59.485213"], ["updated_at", "2020-07-05 14:47:59.485213"]]
  ↳ db/seeds.rb:5
  [1m[35m (71.9ms)[0m  [1m[36mcommit transaction[0m
  ↳ db/seeds.rb:5
Started GET "/api/v1/players.json" for 127.0.0.1 at 2020-07-05 07:56:32 -0700
  [1m[35m (0.2ms)[0m  [1m[34mSELECT "schema_migrations"."version" FROM "schema_migrations" ORDER BY "schema_migrations"."version" ASC[0m
  ↳ /home/milo/.rvm/gems/ruby-2.5.3/gems/activerecord-5.2.1/lib/active_record/log_subscriber.rb:98
Processing by Api::V1::PlayersController#index as JSON
  [1m[36mPlayer Load (0.2ms)[0m  [1m[34mSELECT "players".* FROM "players"[0m
  ↳ app/controllers/api/v1/players_controller.rb:9
Completed 200 OK in 16ms (Views: 13.2ms | ActiveRecord: 0.8ms)


Started GET "/sockjs-node/885/syffaitn/websocket" for 127.0.0.1 at 2020-07-05 07:56:32 -0700
  
ActionController::RoutingError (No route matches [GET] "/sockjs-node/885/syffaitn/websocket"):
  
actionpack (5.2.1) lib/action_dispatch/middleware/debug_exceptions.rb:65:in `call'
actionpack (5.2.1) lib/action_dispatch/middleware/show_exceptions.rb:33:in `call'
railties (5.2.1) lib/rails/rack/logger.rb:38:in `call_app'
railties (5.2.1) lib/rails/rack/logger.rb:26:in `block in call'
activesupport (5.2.1) lib/active_support/tagged_logging.rb:71:in `block in tagged'
activesupport (5.2.1) lib/active_support/tagged_logging.rb:28:in `tagged'
activesupport (5.2.1) lib/active_support/tagged_logging.rb:71:in `tagged'
railties (5.2.1) lib/rails/rack/logger.rb:26:in `call'
actionpack (5.2.1) lib/action_dispatch/middleware/remote_ip.rb:81:in `call'
actionpack (5.2.1) lib/action_dispatch/middleware/request_id.rb:27:in `call'
rack (2.0.6) lib/rack/runtime.rb:22:in `call'
activesupport (5.2.1) lib/active_support/cache/strategy/local_cache_middleware.rb:29:in `call'
actionpack (5.2.1) lib/action_dispatch/middleware/executor.rb:14:in `call'
actionpack (5.2.1) lib/action_dispatch/middleware/static.rb:127:in `call'
rack (2.0.6) lib/rack/sendfile.rb:111:in `call'
rack-cors (1.0.2) lib/rack/cors.rb:97:in `call'
railties (5.2.1) lib/rails/engine.rb:524:in `call'
puma (3.12.0) lib/puma/configuration.rb:225:in `call'
puma (3.12.0) lib/puma/server.rb:658:in `handle_request'
puma (3.12.0) lib/puma/server.rb:472:in `process_client'
puma (3.12.0) lib/puma/server.rb:332:in `block in run'
puma (3.12.0) lib/puma/thread_pool.rb:133:in `block in spawn_thread'
Started GET "/api/v1/players.json" for 127.0.0.1 at 2020-07-05 08:09:25 -0700
Processing by Api::V1::PlayersController#index as JSON
  [1m[36mPlayer Load (0.2ms)[0m  [1m[34mSELECT "players".* FROM "players"[0m
  ↳ app/controllers/api/v1/players_controller.rb:9
Completed 200 OK in 2ms (Views: 1.5ms | ActiveRecord: 0.2ms)


Started GET "/sockjs-node/808/yfvkz4hi/websocket" for 127.0.0.1 at 2020-07-05 08:09:25 -0700
  
ActionController::RoutingError (No route matches [GET] "/sockjs-node/808/yfvkz4hi/websocket"):
  
actionpack (5.2.1) lib/action_dispatch/middleware/debug_exceptions.rb:65:in `call'
actionpack (5.2.1) lib/action_dispatch/middleware/show_exceptions.rb:33:in `call'
railties (5.2.1) lib/rails/rack/logger.rb:38:in `call_app'
railties (5.2.1) lib/rails/rack/logger.rb:26:in `block in call'
activesupport (5.2.1) lib/active_support/tagged_logging.rb:71:in `block in tagged'
activesupport (5.2.1) lib/active_support/tagged_logging.rb:28:in `tagged'
activesupport (5.2.1) lib/active_support/tagged_logging.rb:71:in `tagged'
railties (5.2.1) lib/rails/rack/logger.rb:26:in `call'
actionpack (5.2.1) lib/action_dispatch/middleware/remote_ip.rb:81:in `call'
actionpack (5.2.1) lib/action_dispatch/middleware/request_id.rb:27:in `call'
rack (2.0.6) lib/rack/runtime.rb:22:in `call'
activesupport (5.2.1) lib/active_support/cache/strategy/local_cache_middleware.rb:29:in `call'
actionpack (5.2.1) lib/action_dispatch/middleware/executor.rb:14:in `call'
actionpack (5.2.1) lib/action_dispatch/middleware/static.rb:127:in `call'
rack (2.0.6) lib/rack/sendfile.rb:111:in `call'
rack-cors (1.0.2) lib/rack/cors.rb:97:in `call'
railties (5.2.1) lib/rails/engine.rb:524:in `call'
puma (3.12.0) lib/puma/configuration.rb:225:in `call'
puma (3.12.0) lib/puma/server.rb:658:in `handle_request'
puma (3.12.0) lib/puma/server.rb:472:in `process_client'
puma (3.12.0) lib/puma/server.rb:332:in `block in run'
puma (3.12.0) lib/puma/thread_pool.rb:133:in `block in spawn_thread'
  [1m[35m (0.1ms)[0m  [1m[34mSELECT "schema_migrations"."version" FROM "schema_migrations" ORDER BY "schema_migrations"."version" ASC[0m
  ↳ /home/milo/.rvm/gems/ruby-2.5.3/bin/rake:23
  [1m[35m (0.1ms)[0m  [1m[34mSELECT "ar_internal_metadata"."value" FROM "ar_internal_metadata" WHERE "ar_internal_metadata"."key" = ?[0m  [["key", "environment"]]
  ↳ /home/milo/.rvm/gems/ruby-2.5.3/bin/rake:23
  [1m[35m (0.0ms)[0m  [1m[34mSELECT "schema_migrations"."version" FROM "schema_migrations" ORDER BY "schema_migrations"."version" ASC[0m
  ↳ /home/milo/.rvm/gems/ruby-2.5.3/bin/rake:23
  [1m[35m (0.1ms)[0m  [1m[34mSELECT "ar_internal_metadata"."value" FROM "ar_internal_metadata" WHERE "ar_internal_metadata"."key" = ?[0m  [["key", "environment"]]
  ↳ /home/milo/.rvm/gems/ruby-2.5.3/bin/rake:23
  [1m[35m (0.0ms)[0m  [1m[34mSELECT "schema_migrations"."version" FROM "schema_migrations" ORDER BY "schema_migrations"."version" ASC[0m
  ↳ /home/milo/.rvm/gems/ruby-2.5.3/bin/rake:23
  [1m[35m (0.1ms)[0m  [1m[34mSELECT "ar_internal_metadata"."value" FROM "ar_internal_metadata" WHERE "ar_internal_metadata"."key" = ?[0m  [["key", "environment"]]
  ↳ /home/milo/.rvm/gems/ruby-2.5.3/bin/rake:23
  [1m[35m (331.0ms)[0m  [1m[35mDROP TABLE IF EXISTS "players"[0m
  ↳ db/schema.rb:15
  [1m[35m (0.1ms)[0m  [1m[34mSELECT sqlite_version(*)[0m
  ↳ db/schema.rb:15
  [1m[35m (425.5ms)[0m  [1m[35mCREATE TABLE "players" ("id" integer PRIMARY KEY AUTOINCREMENT NOT NULL, "name" varchar, "wins" integer DEFAULT 0, "losses" integer DEFAULT 0, "draws" integer DEFAULT 0, "created_at" datetime NOT NULL, "updated_at" datetime NOT NULL)[0m
  ↳ db/schema.rb:15
  [1m[35m (0.1ms)[0m  [1m[34mSELECT "schema_migrations"."version" FROM "schema_migrations" ORDER BY "schema_migrations"."version" ASC[0m
  ↳ db/schema.rb:13
  [1m[36mActiveRecord::InternalMetadata Load (0.1ms)[0m  [1m[34mSELECT  "ar_internal_metadata".* FROM "ar_internal_metadata" WHERE "ar_internal_metadata"."key" = ? LIMIT ?[0m  [["key", "environment"], ["LIMIT", 1]]
  ↳ db/schema.rb:13
  [1m[35m (0.1ms)[0m  [1m[36mbegin transaction[0m
  ↳ db/schema.rb:13
  [1m[35m (0.1ms)[0m  [1m[36mcommit transaction[0m
  ↳ db/schema.rb:13
  [1m[36mActiveRecord::InternalMetadata Load (0.1ms)[0m  [1m[34mSELECT  "ar_internal_metadata".* FROM "ar_internal_metadata" WHERE "ar_internal_metadata"."key" = ? LIMIT ?[0m  [["key", "environment"], ["LIMIT", 1]]
  ↳ /home/milo/.rvm/gems/ruby-2.5.3/bin/rake:23
  [1m[35m (0.0ms)[0m  [1m[36mbegin transaction[0m
  ↳ /home/milo/.rvm/gems/ruby-2.5.3/bin/rake:23
  [1m[35m (0.0ms)[0m  [1m[36mcommit transaction[0m
  ↳ /home/milo/.rvm/gems/ruby-2.5.3/bin/rake:23
  [1m[35m (427.0ms)[0m  [1m[35mDROP TABLE IF EXISTS "players"[0m
  ↳ db/schema.rb:15
  [1m[35m (0.1ms)[0m  [1m[34mSELECT sqlite_version(*)[0m
  ↳ db/schema.rb:15
  [1m[35m (438.4ms)[0m  [1m[35mCREATE TABLE "players" ("id" integer PRIMARY KEY AUTOINCREMENT NOT NULL, "name" varchar, "wins" integer DEFAULT 0, "losses" integer DEFAULT 0, "draws" integer DEFAULT 0, "created_at" datetime NOT NULL, "updated_at" datetime NOT NULL)[0m
  ↳ db/schema.rb:15
  [1m[35m (0.2ms)[0m  [1m[34mSELECT "schema_migrations"."version" FROM "schema_migrations" ORDER BY "schema_migrations"."version" ASC[0m
  ↳ db/schema.rb:13
  [1m[36mActiveRecord::InternalMetadata Load (0.2ms)[0m  [1m[34mSELECT  "ar_internal_metadata".* FROM "ar_internal_metadata" WHERE "ar_internal_metadata"."key" = ? LIMIT ?[0m  [["key", "environment"], ["LIMIT", 1]]
  ↳ db/schema.rb:13
  [1m[35m (0.1ms)[0m  [1m[36mbegin transaction[0m
  ↳ db/schema.rb:13
  [1m[36mActiveRecord::InternalMetadata Update (0.3ms)[0m  [1m[33mUPDATE "ar_internal_metadata" SET "value" = ?, "updated_at" = ? WHERE "ar_internal_metadata"."key" = ?[0m  [["value", "development"], ["updated_at", "2020-07-05 15:14:53.121452"], ["key", "environment"]]
  ↳ db/schema.rb:13
  [1m[35m (249.7ms)[0m  [1m[36mcommit transaction[0m
  ↳ db/schema.rb:13
  [1m[36mActiveRecord::InternalMetadata Load (0.1ms)[0m  [1m[34mSELECT  "ar_internal_metadata".* FROM "ar_internal_metadata" WHERE "ar_internal_metadata"."key" = ? LIMIT ?[0m  [["key", "environment"], ["LIMIT", 1]]
  ↳ /home/milo/.rvm/gems/ruby-2.5.3/bin/rake:23
  [1m[35m (0.0ms)[0m  [1m[36mbegin transaction[0m
  ↳ /home/milo/.rvm/gems/ruby-2.5.3/bin/rake:23
  [1m[36mActiveRecord::InternalMetadata Update (0.2ms)[0m  [1m[33mUPDATE "ar_internal_metadata" SET "value" = ?, "updated_at" = ? WHERE "ar_internal_metadata"."key" = ?[0m  [["value", "test"], ["updated_at", "2020-07-05 15:14:53.373982"], ["key", "environment"]]
  ↳ /home/milo/.rvm/gems/ruby-2.5.3/bin/rake:23
  [1m[35m (446.1ms)[0m  [1m[36mcommit transaction[0m
  ↳ /home/milo/.rvm/gems/ruby-2.5.3/bin/rake:23
  [1m[35m (0.1ms)[0m  [1m[34mSELECT "schema_migrations"."version" FROM "schema_migrations" ORDER BY "schema_migrations"."version" ASC[0m
  ↳ /home/milo/.rvm/gems/ruby-2.5.3/bin/rake:23
  [1m[35m (0.1ms)[0m  [1m[36mbegin transaction[0m
  ↳ db/seeds.rb:1
  [1m[36mPlayer Create (0.3ms)[0m  [1m[32mINSERT INTO "players" ("name", "wins", "losses", "created_at", "updated_at") VALUES (?, ?, ?, ?, ?)[0m  [["name", "Jeff Bezos"], ["wins", 5], ["losses", 2], ["created_at", "2020-07-05 15:14:53.841130"], ["updated_at", "2020-07-05 15:14:53.841130"]]
  ↳ db/seeds.rb:1
  [1m[35m (420.4ms)[0m  [1m[36mcommit transaction[0m
  ↳ db/seeds.rb:1
  [1m[35m (0.1ms)[0m  [1m[36mbegin transaction[0m
  ↳ db/seeds.rb:2
  [1m[36mPlayer Create (0.2ms)[0m  [1m[32mINSERT INTO "players" ("name", "wins", "losses", "draws", "created_at", "updated_at") VALUES (?, ?, ?, ?, ?, ?)[0m  [["name", "Bill Gates"], ["wins", 1], ["losses", 8], ["draws", 3], ["created_at", "2020-07-05 15:14:54.263549"], ["updated_at", "2020-07-05 15:14:54.263549"]]
  ↳ db/seeds.rb:2
  [1m[35m (578.2ms)[0m  [1m[36mcommit transaction[0m
  ↳ db/seeds.rb:2
  [1m[35m (0.1ms)[0m  [1m[36mbegin transaction[0m
  ↳ db/seeds.rb:3
  [1m[36mPlayer Create (0.3ms)[0m  [1m[32mINSERT INTO "players" ("name", "wins", "losses", "draws", "created_at", "updated_at") VALUES (?, ?, ?, ?, ?, ?)[0m  [["name", "Justin Trudeau"], ["wins", 42], ["losses", 12], ["draws", 10], ["created_at", "2020-07-05 15:14:54.843416"], ["updated_at", "2020-07-05 15:14:54.843416"]]
  ↳ db/seeds.rb:3
  [1m[35m (359.1ms)[0m  [1m[36mcommit transaction[0m
  ↳ db/seeds.rb:3
  [1m[35m (0.1ms)[0m  [1m[36mbegin transaction[0m
  ↳ db/seeds.rb:4
  [1m[36mPlayer Create (0.3ms)[0m  [1m[32mINSERT INTO "players" ("name", "wins", "losses", "draws", "created_at", "updated_at") VALUES (?, ?, ?, ?, ?, ?)[0m  [["name", "Stephen Harper"], ["wins", 25], ["losses", 22], ["draws", 10], ["created_at", "2020-07-05 15:14:55.204612"], ["updated_at", "2020-07-05 15:14:55.204612"]]
  ↳ db/seeds.rb:4
  [1m[35m (114.4ms)[0m  [1m[36mcommit transaction[0m
  ↳ db/seeds.rb:4
  [1m[35m (0.1ms)[0m  [1m[36mbegin transaction[0m
  ↳ db/seeds.rb:5
  [1m[36mPlayer Create (0.3ms)[0m  [1m[32mINSERT INTO "players" ("name", "wins", "losses", "draws", "created_at", "updated_at") VALUES (?, ?, ?, ?, ?, ?)[0m  [["name", "Elon Musk"], ["wins", 11], ["losses", 3], ["draws", 9], ["created_at", "2020-07-05 15:14:55.321040"], ["updated_at", "2020-07-05 15:14:55.321040"]]
  ↳ db/seeds.rb:5
  [1m[35m (81.8ms)[0m  [1m[36mcommit transaction[0m
  ↳ db/seeds.rb:5
Started GET "/api/v1/players.json" for 127.0.0.1 at 2020-07-05 08:15:01 -0700
  [1m[35m (0.1ms)[0m  [1m[34mSELECT "schema_migrations"."version" FROM "schema_migrations" ORDER BY "schema_migrations"."version" ASC[0m
  ↳ /home/milo/.rvm/gems/ruby-2.5.3/gems/activerecord-5.2.1/lib/active_record/log_subscriber.rb:98
Processing by Api::V1::PlayersController#index as JSON
  [1m[36mPlayer Load (0.3ms)[0m  [1m[34mSELECT "players".* FROM "players"[0m
  ↳ app/controllers/api/v1/players_controller.rb:9
Completed 200 OK in 11ms (Views: 9.0ms | ActiveRecord: 0.8ms)


Started GET "/sockjs-node/928/u3hszdd3/websocket" for 127.0.0.1 at 2020-07-05 08:15:01 -0700
  
ActionController::RoutingError (No route matches [GET] "/sockjs-node/928/u3hszdd3/websocket"):
  
actionpack (5.2.1) lib/action_dispatch/middleware/debug_exceptions.rb:65:in `call'
actionpack (5.2.1) lib/action_dispatch/middleware/show_exceptions.rb:33:in `call'
railties (5.2.1) lib/rails/rack/logger.rb:38:in `call_app'
railties (5.2.1) lib/rails/rack/logger.rb:26:in `block in call'
activesupport (5.2.1) lib/active_support/tagged_logging.rb:71:in `block in tagged'
activesupport (5.2.1) lib/active_support/tagged_logging.rb:28:in `tagged'
activesupport (5.2.1) lib/active_support/tagged_logging.rb:71:in `tagged'
railties (5.2.1) lib/rails/rack/logger.rb:26:in `call'
actionpack (5.2.1) lib/action_dispatch/middleware/remote_ip.rb:81:in `call'
actionpack (5.2.1) lib/action_dispatch/middleware/request_id.rb:27:in `call'
rack (2.0.6) lib/rack/runtime.rb:22:in `call'
activesupport (5.2.1) lib/active_support/cache/strategy/local_cache_middleware.rb:29:in `call'
actionpack (5.2.1) lib/action_dispatch/middleware/executor.rb:14:in `call'
actionpack (5.2.1) lib/action_dispatch/middleware/static.rb:127:in `call'
rack (2.0.6) lib/rack/sendfile.rb:111:in `call'
rack-cors (1.0.2) lib/rack/cors.rb:97:in `call'
railties (5.2.1) lib/rails/engine.rb:524:in `call'
puma (3.12.0) lib/puma/configuration.rb:225:in `call'
puma (3.12.0) lib/puma/server.rb:658:in `handle_request'
puma (3.12.0) lib/puma/server.rb:472:in `process_client'
puma (3.12.0) lib/puma/server.rb:332:in `block in run'
puma (3.12.0) lib/puma/thread_pool.rb:133:in `block in spawn_thread'
Started GET "/sockjs-node/723/wqhgaf1c/websocket" for 127.0.0.1 at 2020-07-08 09:29:43 -0700
Started GET "/api/v1/players.json" for 127.0.0.1 at 2020-07-08 09:29:43 -0700
  [1m[35m (0.4ms)[0m  [1m[34mSELECT "schema_migrations"."version" FROM "schema_migrations" ORDER BY "schema_migrations"."version" ASC[0m
  ↳ /home/milo/.rvm/gems/ruby-2.5.3/gems/activerecord-5.2.1/lib/active_record/log_subscriber.rb:98
  [1m[35m (0.2ms)[0m  [1m[34mSELECT "schema_migrations"."version" FROM "schema_migrations" ORDER BY "schema_migrations"."version" ASC[0m
  ↳ /home/milo/.rvm/gems/ruby-2.5.3/gems/activerecord-5.2.1/lib/active_record/log_subscriber.rb:98
  
ActionController::RoutingError (No route matches [GET] "/sockjs-node/723/wqhgaf1c/websocket"):
  
actionpack (5.2.1) lib/action_dispatch/middleware/debug_exceptions.rb:65:in `call'
actionpack (5.2.1) lib/action_dispatch/middleware/show_exceptions.rb:33:in `call'
railties (5.2.1) lib/rails/rack/logger.rb:38:in `call_app'
railties (5.2.1) lib/rails/rack/logger.rb:26:in `block in call'
activesupport (5.2.1) lib/active_support/tagged_logging.rb:71:in `block in tagged'
activesupport (5.2.1) lib/active_support/tagged_logging.rb:28:in `tagged'
activesupport (5.2.1) lib/active_support/tagged_logging.rb:71:in `tagged'
railties (5.2.1) lib/rails/rack/logger.rb:26:in `call'
actionpack (5.2.1) lib/action_dispatch/middleware/remote_ip.rb:81:in `call'
actionpack (5.2.1) lib/action_dispatch/middleware/request_id.rb:27:in `call'
rack (2.0.6) lib/rack/runtime.rb:22:in `call'
activesupport (5.2.1) lib/active_support/cache/strategy/local_cache_middleware.rb:29:in `call'
actionpack (5.2.1) lib/action_dispatch/middleware/executor.rb:14:in `call'
actionpack (5.2.1) lib/action_dispatch/middleware/static.rb:127:in `call'
rack (2.0.6) lib/rack/sendfile.rb:111:in `call'
rack-cors (1.0.2) lib/rack/cors.rb:97:in `call'
railties (5.2.1) lib/rails/engine.rb:524:in `call'
puma (3.12.0) lib/puma/configuration.rb:225:in `call'
puma (3.12.0) lib/puma/server.rb:658:in `handle_request'
puma (3.12.0) lib/puma/server.rb:472:in `process_client'
puma (3.12.0) lib/puma/server.rb:332:in `block in run'
puma (3.12.0) lib/puma/thread_pool.rb:133:in `block in spawn_thread'
Processing by Api::V1::PlayersController#index as JSON
  [1m[36mPlayer Load (0.2ms)[0m  [1m[34mSELECT "players".* FROM "players"[0m
  ↳ app/controllers/api/v1/players_controller.rb:9
Completed 200 OK in 51ms (Views: 12.2ms | ActiveRecord: 0.7ms)


Started GET "/api/v1/players.json" for 127.0.0.1 at 2020-07-08 09:32:43 -0700
Processing by Api::V1::PlayersController#index as JSON
  [1m[36mPlayer Load (0.2ms)[0m  [1m[34mSELECT "players".* FROM "players"[0m
  ↳ app/controllers/api/v1/players_controller.rb:9
Completed 200 OK in 2ms (Views: 1.4ms | ActiveRecord: 0.2ms)


Started GET "/sockjs-node/693/43lenugq/websocket" for 127.0.0.1 at 2020-07-08 09:32:43 -0700
  
ActionController::RoutingError (No route matches [GET] "/sockjs-node/693/43lenugq/websocket"):
  
actionpack (5.2.1) lib/action_dispatch/middleware/debug_exceptions.rb:65:in `call'
actionpack (5.2.1) lib/action_dispatch/middleware/show_exceptions.rb:33:in `call'
railties (5.2.1) lib/rails/rack/logger.rb:38:in `call_app'
railties (5.2.1) lib/rails/rack/logger.rb:26:in `block in call'
activesupport (5.2.1) lib/active_support/tagged_logging.rb:71:in `block in tagged'
activesupport (5.2.1) lib/active_support/tagged_logging.rb:28:in `tagged'
activesupport (5.2.1) lib/active_support/tagged_logging.rb:71:in `tagged'
railties (5.2.1) lib/rails/rack/logger.rb:26:in `call'
actionpack (5.2.1) lib/action_dispatch/middleware/remote_ip.rb:81:in `call'
actionpack (5.2.1) lib/action_dispatch/middleware/request_id.rb:27:in `call'
rack (2.0.6) lib/rack/runtime.rb:22:in `call'
activesupport (5.2.1) lib/active_support/cache/strategy/local_cache_middleware.rb:29:in `call'
actionpack (5.2.1) lib/action_dispatch/middleware/executor.rb:14:in `call'
actionpack (5.2.1) lib/action_dispatch/middleware/static.rb:127:in `call'
rack (2.0.6) lib/rack/sendfile.rb:111:in `call'
rack-cors (1.0.2) lib/rack/cors.rb:97:in `call'
railties (5.2.1) lib/rails/engine.rb:524:in `call'
puma (3.12.0) lib/puma/configuration.rb:225:in `call'
puma (3.12.0) lib/puma/server.rb:658:in `handle_request'
puma (3.12.0) lib/puma/server.rb:472:in `process_client'
puma (3.12.0) lib/puma/server.rb:332:in `block in run'
puma (3.12.0) lib/puma/thread_pool.rb:133:in `block in spawn_thread'
Started GET "/api/v1/players.json" for 127.0.0.1 at 2020-07-15 18:15:21 -0700
Started GET "/sockjs-node/004/e5vqnk5v/websocket" for 127.0.0.1 at 2020-07-15 18:15:22 -0700
  [1m[35m (0.1ms)[0m  [1m[34mSELECT "schema_migrations"."version" FROM "schema_migrations" ORDER BY "schema_migrations"."version" ASC[0m
  ↳ /home/milo/.rvm/gems/ruby-2.5.3/gems/activerecord-5.2.1/lib/active_record/log_subscriber.rb:98
  
ActionController::RoutingError (No route matches [GET] "/sockjs-node/004/e5vqnk5v/websocket"):
  
actionpack (5.2.1) lib/action_dispatch/middleware/debug_exceptions.rb:65:in `call'
actionpack (5.2.1) lib/action_dispatch/middleware/show_exceptions.rb:33:in `call'
railties (5.2.1) lib/rails/rack/logger.rb:38:in `call_app'
railties (5.2.1) lib/rails/rack/logger.rb:26:in `block in call'
activesupport (5.2.1) lib/active_support/tagged_logging.rb:71:in `block in tagged'
activesupport (5.2.1) lib/active_support/tagged_logging.rb:28:in `tagged'
activesupport (5.2.1) lib/active_support/tagged_logging.rb:71:in `tagged'
railties (5.2.1) lib/rails/rack/logger.rb:26:in `call'
actionpack (5.2.1) lib/action_dispatch/middleware/remote_ip.rb:81:in `call'
actionpack (5.2.1) lib/action_dispatch/middleware/request_id.rb:27:in `call'
rack (2.0.6) lib/rack/runtime.rb:22:in `call'
activesupport (5.2.1) lib/active_support/cache/strategy/local_cache_middleware.rb:29:in `call'
actionpack (5.2.1) lib/action_dispatch/middleware/executor.rb:14:in `call'
actionpack (5.2.1) lib/action_dispatch/middleware/static.rb:127:in `call'
rack (2.0.6) lib/rack/sendfile.rb:111:in `call'
rack-cors (1.0.2) lib/rack/cors.rb:97:in `call'
railties (5.2.1) lib/rails/engine.rb:524:in `call'
puma (3.12.0) lib/puma/configuration.rb:225:in `call'
puma (3.12.0) lib/puma/server.rb:658:in `handle_request'
puma (3.12.0) lib/puma/server.rb:472:in `process_client'
puma (3.12.0) lib/puma/server.rb:332:in `block in run'
puma (3.12.0) lib/puma/thread_pool.rb:133:in `block in spawn_thread'
Processing by Api::V1::PlayersController#index as JSON
  [1m[36mPlayer Load (0.2ms)[0m  [1m[34mSELECT "players".* FROM "players"[0m
  ↳ app/controllers/api/v1/players_controller.rb:9
Completed 200 OK in 12ms (Views: 9.4ms | ActiveRecord: 0.9ms)


Started GET "/api/v1/players.json" for 127.0.0.1 at 2020-07-15 18:23:31 -0700
Processing by Api::V1::PlayersController#index as JSON
  [1m[36mPlayer Load (0.2ms)[0m  [1m[34mSELECT "players".* FROM "players"[0m
  ↳ app/controllers/api/v1/players_controller.rb:9
Completed 200 OK in 3ms (Views: 2.8ms | ActiveRecord: 0.2ms)


Started GET "/sockjs-node/812/d0ybttyj/websocket" for 127.0.0.1 at 2020-07-15 18:23:31 -0700
  
ActionController::RoutingError (No route matches [GET] "/sockjs-node/812/d0ybttyj/websocket"):
  
actionpack (5.2.1) lib/action_dispatch/middleware/debug_exceptions.rb:65:in `call'
actionpack (5.2.1) lib/action_dispatch/middleware/show_exceptions.rb:33:in `call'
railties (5.2.1) lib/rails/rack/logger.rb:38:in `call_app'
railties (5.2.1) lib/rails/rack/logger.rb:26:in `block in call'
activesupport (5.2.1) lib/active_support/tagged_logging.rb:71:in `block in tagged'
activesupport (5.2.1) lib/active_support/tagged_logging.rb:28:in `tagged'
activesupport (5.2.1) lib/active_support/tagged_logging.rb:71:in `tagged'
railties (5.2.1) lib/rails/rack/logger.rb:26:in `call'
actionpack (5.2.1) lib/action_dispatch/middleware/remote_ip.rb:81:in `call'
actionpack (5.2.1) lib/action_dispatch/middleware/request_id.rb:27:in `call'
rack (2.0.6) lib/rack/runtime.rb:22:in `call'
activesupport (5.2.1) lib/active_support/cache/strategy/local_cache_middleware.rb:29:in `call'
actionpack (5.2.1) lib/action_dispatch/middleware/executor.rb:14:in `call'
actionpack (5.2.1) lib/action_dispatch/middleware/static.rb:127:in `call'
rack (2.0.6) lib/rack/sendfile.rb:111:in `call'
rack-cors (1.0.2) lib/rack/cors.rb:97:in `call'
railties (5.2.1) lib/rails/engine.rb:524:in `call'
puma (3.12.0) lib/puma/configuration.rb:225:in `call'
puma (3.12.0) lib/puma/server.rb:658:in `handle_request'
puma (3.12.0) lib/puma/server.rb:472:in `process_client'
puma (3.12.0) lib/puma/server.rb:332:in `block in run'
puma (3.12.0) lib/puma/thread_pool.rb:133:in `block in spawn_thread'
Started GET "/api/v1/players.json" for 127.0.0.1 at 2020-07-15 18:26:20 -0700
Processing by Api::V1::PlayersController#index as JSON
  [1m[36mPlayer Load (0.2ms)[0m  [1m[34mSELECT "players".* FROM "players"[0m
  ↳ app/controllers/api/v1/players_controller.rb:9
Completed 200 OK in 3ms (Views: 2.3ms | ActiveRecord: 0.2ms)


Started GET "/sockjs-node/774/hxdklkv0/websocket" for 127.0.0.1 at 2020-07-15 18:26:20 -0700
  
ActionController::RoutingError (No route matches [GET] "/sockjs-node/774/hxdklkv0/websocket"):
  
actionpack (5.2.1) lib/action_dispatch/middleware/debug_exceptions.rb:65:in `call'
actionpack (5.2.1) lib/action_dispatch/middleware/show_exceptions.rb:33:in `call'
railties (5.2.1) lib/rails/rack/logger.rb:38:in `call_app'
railties (5.2.1) lib/rails/rack/logger.rb:26:in `block in call'
activesupport (5.2.1) lib/active_support/tagged_logging.rb:71:in `block in tagged'
activesupport (5.2.1) lib/active_support/tagged_logging.rb:28:in `tagged'
activesupport (5.2.1) lib/active_support/tagged_logging.rb:71:in `tagged'
railties (5.2.1) lib/rails/rack/logger.rb:26:in `call'
actionpack (5.2.1) lib/action_dispatch/middleware/remote_ip.rb:81:in `call'
actionpack (5.2.1) lib/action_dispatch/middleware/request_id.rb:27:in `call'
rack (2.0.6) lib/rack/runtime.rb:22:in `call'
activesupport (5.2.1) lib/active_support/cache/strategy/local_cache_middleware.rb:29:in `call'
actionpack (5.2.1) lib/action_dispatch/middleware/executor.rb:14:in `call'
actionpack (5.2.1) lib/action_dispatch/middleware/static.rb:127:in `call'
rack (2.0.6) lib/rack/sendfile.rb:111:in `call'
rack-cors (1.0.2) lib/rack/cors.rb:97:in `call'
railties (5.2.1) lib/rails/engine.rb:524:in `call'
puma (3.12.0) lib/puma/configuration.rb:225:in `call'
puma (3.12.0) lib/puma/server.rb:658:in `handle_request'
puma (3.12.0) lib/puma/server.rb:472:in `process_client'
puma (3.12.0) lib/puma/server.rb:332:in `block in run'
puma (3.12.0) lib/puma/thread_pool.rb:133:in `block in spawn_thread'
Started POST "/api/v1/players" for 127.0.0.1 at 2020-07-15 18:26:29 -0700
Started POST "/api/v1/players" for 127.0.0.1 at 2020-07-15 18:26:29 -0700
Processing by Api::V1::PlayersController#create as HTML
Processing by Api::V1::PlayersController#create as HTML
  Parameters: {"player"=>{"name"=>"Tester2", "wins"=>0, "losses"=>1, "draws"=>0}}
  Parameters: {"player"=>{"name"=>"Tester1", "wins"=>1, "losses"=>0, "draws"=>0}}
  [1m[35m (0.1ms)[0m  [1m[36mbegin transaction[0m
  ↳ app/controllers/api/v1/players_controller.rb:22
  [1m[35m (0.1ms)[0m  [1m[36mbegin transaction[0m
  [1m[36mPlayer Create (0.3ms)[0m  [1m[32mINSERT INTO "players" ("name", "wins", "created_at", "updated_at") VALUES (?, ?, ?, ?)[0m  [["name", "Tester1"], ["wins", 1], ["created_at", "2020-07-16 01:26:29.680613"], ["updated_at", "2020-07-16 01:26:29.680613"]]
  ↳ app/controllers/api/v1/players_controller.rb:22
  ↳ app/controllers/api/v1/players_controller.rb:22
  [1m[36mPlayer Create (5006.8ms)[0m  [1m[32mINSERT INTO "players" ("name", "losses", "created_at", "updated_at") VALUES (?, ?, ?, ?)[0m  [["name", "Tester2"], ["losses", 1], ["created_at", "2020-07-16 01:26:29.682558"], ["updated_at", "2020-07-16 01:26:29.682558"]]
  [1m[35m (100.0ms)[0m  [1m[36mcommit transaction[0m
  ↳ app/controllers/api/v1/players_controller.rb:22
Completed 201 Created in 5113ms (Views: 0.3ms | ActiveRecord: 100.4ms)


  ↳ app/controllers/api/v1/players_controller.rb:22
  [1m[35m (0.1ms)[0m  [1m[31mrollback transaction[0m
  ↳ app/controllers/api/v1/players_controller.rb:22
Completed 500 Internal Server Error in 5115ms (ActiveRecord: 5007.0ms)


  
ActiveRecord::StatementInvalid (SQLite3::BusyException: database is locked: INSERT INTO "players" ("name", "losses", "created_at", "updated_at") VALUES (?, ?, ?, ?)):
  
app/controllers/api/v1/players_controller.rb:22:in `create'
Started GET "/api/v1/players.json" for 127.0.0.1 at 2020-07-15 18:26:38 -0700
Processing by Api::V1::PlayersController#index as JSON
  [1m[36mPlayer Load (0.2ms)[0m  [1m[34mSELECT "players".* FROM "players"[0m
  ↳ app/controllers/api/v1/players_controller.rb:9
Completed 200 OK in 2ms (Views: 1.6ms | ActiveRecord: 0.2ms)


Started GET "/sockjs-node/055/5ioqywn3/websocket" for 127.0.0.1 at 2020-07-15 18:26:38 -0700
  
ActionController::RoutingError (No route matches [GET] "/sockjs-node/055/5ioqywn3/websocket"):
  
actionpack (5.2.1) lib/action_dispatch/middleware/debug_exceptions.rb:65:in `call'
actionpack (5.2.1) lib/action_dispatch/middleware/show_exceptions.rb:33:in `call'
railties (5.2.1) lib/rails/rack/logger.rb:38:in `call_app'
railties (5.2.1) lib/rails/rack/logger.rb:26:in `block in call'
activesupport (5.2.1) lib/active_support/tagged_logging.rb:71:in `block in tagged'
activesupport (5.2.1) lib/active_support/tagged_logging.rb:28:in `tagged'
activesupport (5.2.1) lib/active_support/tagged_logging.rb:71:in `tagged'
railties (5.2.1) lib/rails/rack/logger.rb:26:in `call'
actionpack (5.2.1) lib/action_dispatch/middleware/remote_ip.rb:81:in `call'
actionpack (5.2.1) lib/action_dispatch/middleware/request_id.rb:27:in `call'
rack (2.0.6) lib/rack/runtime.rb:22:in `call'
activesupport (5.2.1) lib/active_support/cache/strategy/local_cache_middleware.rb:29:in `call'
actionpack (5.2.1) lib/action_dispatch/middleware/executor.rb:14:in `call'
actionpack (5.2.1) lib/action_dispatch/middleware/static.rb:127:in `call'
rack (2.0.6) lib/rack/sendfile.rb:111:in `call'
rack-cors (1.0.2) lib/rack/cors.rb:97:in `call'
railties (5.2.1) lib/rails/engine.rb:524:in `call'
puma (3.12.0) lib/puma/configuration.rb:225:in `call'
puma (3.12.0) lib/puma/server.rb:658:in `handle_request'
puma (3.12.0) lib/puma/server.rb:472:in `process_client'
puma (3.12.0) lib/puma/server.rb:332:in `block in run'
puma (3.12.0) lib/puma/thread_pool.rb:133:in `block in spawn_thread'
Started GET "/api/v1/players.json" for 127.0.0.1 at 2020-07-15 18:26:56 -0700
Processing by Api::V1::PlayersController#index as JSON
  [1m[36mPlayer Load (0.2ms)[0m  [1m[34mSELECT "players".* FROM "players"[0m
  ↳ app/controllers/api/v1/players_controller.rb:9
Completed 200 OK in 6ms (Views: 5.2ms | ActiveRecord: 0.2ms)


Started GET "/sockjs-node/607/4u5z5xja/websocket" for 127.0.0.1 at 2020-07-15 18:26:56 -0700
  
ActionController::RoutingError (No route matches [GET] "/sockjs-node/607/4u5z5xja/websocket"):
  
actionpack (5.2.1) lib/action_dispatch/middleware/debug_exceptions.rb:65:in `call'
actionpack (5.2.1) lib/action_dispatch/middleware/show_exceptions.rb:33:in `call'
railties (5.2.1) lib/rails/rack/logger.rb:38:in `call_app'
railties (5.2.1) lib/rails/rack/logger.rb:26:in `block in call'
activesupport (5.2.1) lib/active_support/tagged_logging.rb:71:in `block in tagged'
activesupport (5.2.1) lib/active_support/tagged_logging.rb:28:in `tagged'
activesupport (5.2.1) lib/active_support/tagged_logging.rb:71:in `tagged'
railties (5.2.1) lib/rails/rack/logger.rb:26:in `call'
actionpack (5.2.1) lib/action_dispatch/middleware/remote_ip.rb:81:in `call'
actionpack (5.2.1) lib/action_dispatch/middleware/request_id.rb:27:in `call'
rack (2.0.6) lib/rack/runtime.rb:22:in `call'
activesupport (5.2.1) lib/active_support/cache/strategy/local_cache_middleware.rb:29:in `call'
actionpack (5.2.1) lib/action_dispatch/middleware/executor.rb:14:in `call'
actionpack (5.2.1) lib/action_dispatch/middleware/static.rb:127:in `call'
rack (2.0.6) lib/rack/sendfile.rb:111:in `call'
rack-cors (1.0.2) lib/rack/cors.rb:97:in `call'
railties (5.2.1) lib/rails/engine.rb:524:in `call'
puma (3.12.0) lib/puma/configuration.rb:225:in `call'
puma (3.12.0) lib/puma/server.rb:658:in `handle_request'
puma (3.12.0) lib/puma/server.rb:472:in `process_client'
puma (3.12.0) lib/puma/server.rb:332:in `block in run'
puma (3.12.0) lib/puma/thread_pool.rb:133:in `block in spawn_thread'
Started PUT "/api/v1/players/6" for 127.0.0.1 at 2020-07-15 18:27:18 -0700
Started POST "/api/v1/players" for 127.0.0.1 at 2020-07-15 18:27:18 -0700
Processing by Api::V1::PlayersController#create as HTML
  Parameters: {"player"=>{"name"=>"Tester2", "wins"=>0, "losses"=>1, "draws"=>0}}
  [1m[35m (0.1ms)[0m  [1m[36mbegin transaction[0m
  ↳ app/controllers/api/v1/players_controller.rb:22
  [1m[36mPlayer Create (0.3ms)[0m  [1m[32mINSERT INTO "players" ("name", "losses", "created_at", "updated_at") VALUES (?, ?, ?, ?)[0m  [["name", "Tester2"], ["losses", 1], ["created_at", "2020-07-16 01:27:18.442718"], ["updated_at", "2020-07-16 01:27:18.442718"]]
Processing by Api::V1::PlayersController#update as HTML
  ↳ app/controllers/api/v1/players_controller.rb:22
  Parameters: {"player"=>{"wins"=>2, "losses"=>0, "draws"=>0}, "id"=>"6"}
  [1m[35m (103.9ms)[0m  [1m[36mcommit transaction[0m
  ↳ app/controllers/api/v1/players_controller.rb:22
Completed 201 Created in 108ms (Views: 0.3ms | ActiveRecord: 104.3ms)


  [1m[36mPlayer Load (0.2ms)[0m  [1m[34mSELECT  "players".* FROM "players" WHERE "players"."id" = ? LIMIT ?[0m  [["id", 6], ["LIMIT", 1]]
  ↳ app/controllers/api/v1/players_controller.rb:47
  [1m[35m (0.0ms)[0m  [1m[36mbegin transaction[0m
  ↳ app/controllers/api/v1/players_controller.rb:31
  [1m[36mPlayer Update (0.2ms)[0m  [1m[33mUPDATE "players" SET "wins" = ?, "updated_at" = ? WHERE "players"."id" = ?[0m  [["wins", 2], ["updated_at", "2020-07-16 01:27:18.556593"], ["id", 6]]
  ↳ app/controllers/api/v1/players_controller.rb:31
  [1m[35m (139.6ms)[0m  [1m[36mcommit transaction[0m
  ↳ app/controllers/api/v1/players_controller.rb:31
Completed 200 OK in 151ms (Views: 0.2ms | ActiveRecord: 140.1ms)


Started GET "/api/v1/players.json" for 127.0.0.1 at 2020-07-15 18:27:20 -0700
Processing by Api::V1::PlayersController#index as JSON
  [1m[36mPlayer Load (0.2ms)[0m  [1m[34mSELECT "players".* FROM "players"[0m
  ↳ app/controllers/api/v1/players_controller.rb:9
Completed 200 OK in 2ms (Views: 1.6ms | ActiveRecord: 0.2ms)


Started GET "/sockjs-node/002/0mvgfdhm/websocket" for 127.0.0.1 at 2020-07-15 18:27:21 -0700
  
ActionController::RoutingError (No route matches [GET] "/sockjs-node/002/0mvgfdhm/websocket"):
  
actionpack (5.2.1) lib/action_dispatch/middleware/debug_exceptions.rb:65:in `call'
actionpack (5.2.1) lib/action_dispatch/middleware/show_exceptions.rb:33:in `call'
railties (5.2.1) lib/rails/rack/logger.rb:38:in `call_app'
railties (5.2.1) lib/rails/rack/logger.rb:26:in `block in call'
activesupport (5.2.1) lib/active_support/tagged_logging.rb:71:in `block in tagged'
activesupport (5.2.1) lib/active_support/tagged_logging.rb:28:in `tagged'
activesupport (5.2.1) lib/active_support/tagged_logging.rb:71:in `tagged'
railties (5.2.1) lib/rails/rack/logger.rb:26:in `call'
actionpack (5.2.1) lib/action_dispatch/middleware/remote_ip.rb:81:in `call'
actionpack (5.2.1) lib/action_dispatch/middleware/request_id.rb:27:in `call'
rack (2.0.6) lib/rack/runtime.rb:22:in `call'
activesupport (5.2.1) lib/active_support/cache/strategy/local_cache_middleware.rb:29:in `call'
actionpack (5.2.1) lib/action_dispatch/middleware/executor.rb:14:in `call'
actionpack (5.2.1) lib/action_dispatch/middleware/static.rb:127:in `call'
rack (2.0.6) lib/rack/sendfile.rb:111:in `call'
rack-cors (1.0.2) lib/rack/cors.rb:97:in `call'
railties (5.2.1) lib/rails/engine.rb:524:in `call'
puma (3.12.0) lib/puma/configuration.rb:225:in `call'
puma (3.12.0) lib/puma/server.rb:658:in `handle_request'
puma (3.12.0) lib/puma/server.rb:472:in `process_client'
puma (3.12.0) lib/puma/server.rb:332:in `block in run'
puma (3.12.0) lib/puma/thread_pool.rb:133:in `block in spawn_thread'
Started POST "/api/v1/players" for 127.0.0.1 at 2020-07-15 18:27:33 -0700
Processing by Api::V1::PlayersController#create as HTML
  Parameters: {"player"=>{"name"=>"t", "wins"=>0, "losses"=>1, "draws"=>0}}
Started POST "/api/v1/players" for 127.0.0.1 at 2020-07-15 18:27:33 -0700
  [1m[35m (0.1ms)[0m  [1m[36mbegin transaction[0m
  ↳ app/controllers/api/v1/players_controller.rb:22
  [1m[36mPlayer Create (0.3ms)[0m  [1m[32mINSERT INTO "players" ("name", "losses", "created_at", "updated_at") VALUES (?, ?, ?, ?)[0m  [["name", "t"], ["losses", 1], ["created_at", "2020-07-16 01:27:33.179314"], ["updated_at", "2020-07-16 01:27:33.179314"]]
Processing by Api::V1::PlayersController#create as HTML
  Parameters: {"player"=>{"name"=>"g", "wins"=>1, "losses"=>0, "draws"=>0}}
  [1m[35m (0.1ms)[0m  [1m[36mbegin transaction[0m
  ↳ app/controllers/api/v1/players_controller.rb:22
  ↳ app/controllers/api/v1/players_controller.rb:22
  [1m[36mPlayer Create (5007.1ms)[0m  [1m[32mINSERT INTO "players" ("name", "wins", "created_at", "updated_at") VALUES (?, ?, ?, ?)[0m  [["name", "g"], ["wins", 1], ["created_at", "2020-07-16 01:27:33.181837"], ["updated_at", "2020-07-16 01:27:33.181837"]]
  [1m[35m (71.6ms)[0m  [1m[36mcommit transaction[0m
  ↳ app/controllers/api/v1/players_controller.rb:22
  [1m[35m (0.1ms)[0m  [1m[31mrollback transaction[0m
  ↳ app/controllers/api/v1/players_controller.rb:22
Completed 500 Internal Server Error in 5083ms (ActiveRecord: 5007.2ms)


  
ActiveRecord::StatementInvalid (SQLite3::BusyException: database is locked: INSERT INTO "players" ("name", "wins", "created_at", "updated_at") VALUES (?, ?, ?, ?)):
  
app/controllers/api/v1/players_controller.rb:22:in `create'
  ↳ app/controllers/api/v1/players_controller.rb:22
Completed 201 Created in 5145ms (Views: 0.4ms | ActiveRecord: 72.0ms)


Started GET "/api/v1/players.json" for 127.0.0.1 at 2020-07-15 18:27:46 -0700
Processing by Api::V1::PlayersController#index as JSON
  [1m[36mPlayer Load (0.2ms)[0m  [1m[34mSELECT "players".* FROM "players"[0m
  ↳ app/controllers/api/v1/players_controller.rb:9
Completed 200 OK in 2ms (Views: 1.8ms | ActiveRecord: 0.2ms)


Started GET "/sockjs-node/207/w0q2wj2o/websocket" for 127.0.0.1 at 2020-07-15 18:27:46 -0700
  
ActionController::RoutingError (No route matches [GET] "/sockjs-node/207/w0q2wj2o/websocket"):
  
actionpack (5.2.1) lib/action_dispatch/middleware/debug_exceptions.rb:65:in `call'
actionpack (5.2.1) lib/action_dispatch/middleware/show_exceptions.rb:33:in `call'
railties (5.2.1) lib/rails/rack/logger.rb:38:in `call_app'
railties (5.2.1) lib/rails/rack/logger.rb:26:in `block in call'
activesupport (5.2.1) lib/active_support/tagged_logging.rb:71:in `block in tagged'
activesupport (5.2.1) lib/active_support/tagged_logging.rb:28:in `tagged'
activesupport (5.2.1) lib/active_support/tagged_logging.rb:71:in `tagged'
railties (5.2.1) lib/rails/rack/logger.rb:26:in `call'
actionpack (5.2.1) lib/action_dispatch/middleware/remote_ip.rb:81:in `call'
actionpack (5.2.1) lib/action_dispatch/middleware/request_id.rb:27:in `call'
rack (2.0.6) lib/rack/runtime.rb:22:in `call'
activesupport (5.2.1) lib/active_support/cache/strategy/local_cache_middleware.rb:29:in `call'
actionpack (5.2.1) lib/action_dispatch/middleware/executor.rb:14:in `call'
actionpack (5.2.1) lib/action_dispatch/middleware/static.rb:127:in `call'
rack (2.0.6) lib/rack/sendfile.rb:111:in `call'
rack-cors (1.0.2) lib/rack/cors.rb:97:in `call'
railties (5.2.1) lib/rails/engine.rb:524:in `call'
puma (3.12.0) lib/puma/configuration.rb:225:in `call'
puma (3.12.0) lib/puma/server.rb:658:in `handle_request'
puma (3.12.0) lib/puma/server.rb:472:in `process_client'
puma (3.12.0) lib/puma/server.rb:332:in `block in run'
puma (3.12.0) lib/puma/thread_pool.rb:133:in `block in spawn_thread'
Started GET "/api/v1/players.json" for 127.0.0.1 at 2020-07-15 18:28:10 -0700
Processing by Api::V1::PlayersController#index as JSON
  [1m[36mPlayer Load (0.2ms)[0m  [1m[34mSELECT "players".* FROM "players"[0m
  ↳ app/controllers/api/v1/players_controller.rb:9
Completed 200 OK in 4ms (Views: 3.4ms | ActiveRecord: 0.2ms)


Started GET "/sockjs-node/875/g0ivyh1m/websocket" for 127.0.0.1 at 2020-07-15 18:28:10 -0700
  
ActionController::RoutingError (No route matches [GET] "/sockjs-node/875/g0ivyh1m/websocket"):
  
actionpack (5.2.1) lib/action_dispatch/middleware/debug_exceptions.rb:65:in `call'
actionpack (5.2.1) lib/action_dispatch/middleware/show_exceptions.rb:33:in `call'
railties (5.2.1) lib/rails/rack/logger.rb:38:in `call_app'
railties (5.2.1) lib/rails/rack/logger.rb:26:in `block in call'
activesupport (5.2.1) lib/active_support/tagged_logging.rb:71:in `block in tagged'
activesupport (5.2.1) lib/active_support/tagged_logging.rb:28:in `tagged'
activesupport (5.2.1) lib/active_support/tagged_logging.rb:71:in `tagged'
railties (5.2.1) lib/rails/rack/logger.rb:26:in `call'
actionpack (5.2.1) lib/action_dispatch/middleware/remote_ip.rb:81:in `call'
actionpack (5.2.1) lib/action_dispatch/middleware/request_id.rb:27:in `call'
rack (2.0.6) lib/rack/runtime.rb:22:in `call'
activesupport (5.2.1) lib/active_support/cache/strategy/local_cache_middleware.rb:29:in `call'
actionpack (5.2.1) lib/action_dispatch/middleware/executor.rb:14:in `call'
actionpack (5.2.1) lib/action_dispatch/middleware/static.rb:127:in `call'
rack (2.0.6) lib/rack/sendfile.rb:111:in `call'
rack-cors (1.0.2) lib/rack/cors.rb:97:in `call'
railties (5.2.1) lib/rails/engine.rb:524:in `call'
puma (3.12.0) lib/puma/configuration.rb:225:in `call'
puma (3.12.0) lib/puma/server.rb:658:in `handle_request'
puma (3.12.0) lib/puma/server.rb:472:in `process_client'
puma (3.12.0) lib/puma/server.rb:332:in `block in run'
puma (3.12.0) lib/puma/thread_pool.rb:133:in `block in spawn_thread'
Started GET "/api/v1/players.json" for 127.0.0.1 at 2020-07-16 09:35:42 -0700
Started GET "/sockjs-node/133/zlvae1oj/websocket" for 127.0.0.1 at 2020-07-16 09:35:42 -0700
  [1m[35m (0.5ms)[0m  [1m[34mSELECT "schema_migrations"."version" FROM "schema_migrations" ORDER BY "schema_migrations"."version" ASC[0m
  [1m[35m (0.2ms)[0m  [1m[34mSELECT "schema_migrations"."version" FROM "schema_migrations" ORDER BY "schema_migrations"."version" ASC[0m
  ↳ /home/milo/.rvm/gems/ruby-2.5.3/gems/activerecord-5.2.1/lib/active_record/log_subscriber.rb:98
  ↳ /home/milo/.rvm/gems/ruby-2.5.3/gems/activerecord-5.2.1/lib/active_record/log_subscriber.rb:98
  
ActionController::RoutingError (No route matches [GET] "/sockjs-node/133/zlvae1oj/websocket"):
  
actionpack (5.2.1) lib/action_dispatch/middleware/debug_exceptions.rb:65:in `call'
actionpack (5.2.1) lib/action_dispatch/middleware/show_exceptions.rb:33:in `call'
railties (5.2.1) lib/rails/rack/logger.rb:38:in `call_app'
railties (5.2.1) lib/rails/rack/logger.rb:26:in `block in call'
activesupport (5.2.1) lib/active_support/tagged_logging.rb:71:in `block in tagged'
activesupport (5.2.1) lib/active_support/tagged_logging.rb:28:in `tagged'
activesupport (5.2.1) lib/active_support/tagged_logging.rb:71:in `tagged'
railties (5.2.1) lib/rails/rack/logger.rb:26:in `call'
actionpack (5.2.1) lib/action_dispatch/middleware/remote_ip.rb:81:in `call'
actionpack (5.2.1) lib/action_dispatch/middleware/request_id.rb:27:in `call'
rack (2.0.6) lib/rack/runtime.rb:22:in `call'
activesupport (5.2.1) lib/active_support/cache/strategy/local_cache_middleware.rb:29:in `call'
actionpack (5.2.1) lib/action_dispatch/middleware/executor.rb:14:in `call'
actionpack (5.2.1) lib/action_dispatch/middleware/static.rb:127:in `call'
rack (2.0.6) lib/rack/sendfile.rb:111:in `call'
rack-cors (1.0.2) lib/rack/cors.rb:97:in `call'
railties (5.2.1) lib/rails/engine.rb:524:in `call'
puma (3.12.0) lib/puma/configuration.rb:225:in `call'
puma (3.12.0) lib/puma/server.rb:658:in `handle_request'
puma (3.12.0) lib/puma/server.rb:472:in `process_client'
puma (3.12.0) lib/puma/server.rb:332:in `block in run'
puma (3.12.0) lib/puma/thread_pool.rb:133:in `block in spawn_thread'
Processing by Api::V1::PlayersController#index as JSON
  [1m[36mPlayer Load (0.3ms)[0m  [1m[34mSELECT "players".* FROM "players"[0m
  ↳ app/controllers/api/v1/players_controller.rb:9
Completed 200 OK in 90ms (Views: 31.8ms | ActiveRecord: 1.0ms)


Started POST "/api/v1/players" for 127.0.0.1 at 2020-07-16 09:35:56 -0700
Started POST "/api/v1/players" for 127.0.0.1 at 2020-07-16 09:35:56 -0700
Processing by Api::V1::PlayersController#create as HTML
  Parameters: {"player"=>{"name"=>"test1", "wins"=>0, "losses"=>1, "draws"=>0}}
  [1m[35m (0.1ms)[0m  [1m[36mbegin transaction[0m
  ↳ app/controllers/api/v1/players_controller.rb:22
  [1m[36mPlayer Create (0.3ms)[0m  [1m[32mINSERT INTO "players" ("name", "losses", "created_at", "updated_at") VALUES (?, ?, ?, ?)[0m  [["name", "test1"], ["losses", 1], ["created_at", "2020-07-16 16:35:56.904238"], ["updated_at", "2020-07-16 16:35:56.904238"]]
Processing by Api::V1::PlayersController#create as HTML
  ↳ app/controllers/api/v1/players_controller.rb:22
  Parameters: {"player"=>{"name"=>"test2", "wins"=>1, "losses"=>0, "draws"=>0}}
  [1m[35m (0.1ms)[0m  [1m[36mbegin transaction[0m
  ↳ app/controllers/api/v1/players_controller.rb:22
  [1m[36mPlayer Create (0.4ms)[0m  [1m[32mINSERT INTO "players" ("name", "wins", "created_at", "updated_at") VALUES (?, ?, ?, ?)[0m  [["name", "test2"], ["wins", 1], ["created_at", "2020-07-16 16:35:57.236116"], ["updated_at", "2020-07-16 16:35:57.236116"]]
  [1m[35m (329.8ms)[0m  [1m[36mcommit transaction[0m
  ↳ app/controllers/api/v1/players_controller.rb:22
  ↳ app/controllers/api/v1/players_controller.rb:22
Completed 201 Created in 657ms (Views: 0.4ms | ActiveRecord: 330.1ms)


  [1m[35m (321.2ms)[0m  [1m[36mcommit transaction[0m
  ↳ app/controllers/api/v1/players_controller.rb:22
Completed 201 Created in 327ms (Views: 0.3ms | ActiveRecord: 321.7ms)


Started GET "/api/v1/players.json" for 127.0.0.1 at 2020-07-16 10:32:01 -0700
Processing by Api::V1::PlayersController#index as JSON
  [1m[36mPlayer Load (0.2ms)[0m  [1m[34mSELECT "players".* FROM "players"[0m
  ↳ app/controllers/api/v1/players_controller.rb:9
Completed 200 OK in 2ms (Views: 1.8ms | ActiveRecord: 0.2ms)


Started GET "/sockjs-node/133/h3mnplir/websocket" for 127.0.0.1 at 2020-07-16 10:32:01 -0700
  
ActionController::RoutingError (No route matches [GET] "/sockjs-node/133/h3mnplir/websocket"):
  
actionpack (5.2.1) lib/action_dispatch/middleware/debug_exceptions.rb:65:in `call'
actionpack (5.2.1) lib/action_dispatch/middleware/show_exceptions.rb:33:in `call'
railties (5.2.1) lib/rails/rack/logger.rb:38:in `call_app'
railties (5.2.1) lib/rails/rack/logger.rb:26:in `block in call'
activesupport (5.2.1) lib/active_support/tagged_logging.rb:71:in `block in tagged'
activesupport (5.2.1) lib/active_support/tagged_logging.rb:28:in `tagged'
activesupport (5.2.1) lib/active_support/tagged_logging.rb:71:in `tagged'
railties (5.2.1) lib/rails/rack/logger.rb:26:in `call'
actionpack (5.2.1) lib/action_dispatch/middleware/remote_ip.rb:81:in `call'
actionpack (5.2.1) lib/action_dispatch/middleware/request_id.rb:27:in `call'
rack (2.0.6) lib/rack/runtime.rb:22:in `call'
activesupport (5.2.1) lib/active_support/cache/strategy/local_cache_middleware.rb:29:in `call'
actionpack (5.2.1) lib/action_dispatch/middleware/executor.rb:14:in `call'
actionpack (5.2.1) lib/action_dispatch/middleware/static.rb:127:in `call'
rack (2.0.6) lib/rack/sendfile.rb:111:in `call'
rack-cors (1.0.2) lib/rack/cors.rb:97:in `call'
railties (5.2.1) lib/rails/engine.rb:524:in `call'
puma (3.12.0) lib/puma/configuration.rb:225:in `call'
puma (3.12.0) lib/puma/server.rb:658:in `handle_request'
puma (3.12.0) lib/puma/server.rb:472:in `process_client'
puma (3.12.0) lib/puma/server.rb:332:in `block in run'
puma (3.12.0) lib/puma/thread_pool.rb:133:in `block in spawn_thread'
Started GET "/api/v1/players.json" for 127.0.0.1 at 2020-07-16 10:36:58 -0700
Processing by Api::V1::PlayersController#index as JSON
  [1m[36mPlayer Load (0.2ms)[0m  [1m[34mSELECT "players".* FROM "players"[0m
  ↳ app/controllers/api/v1/players_controller.rb:9
Completed 200 OK in 3ms (Views: 2.3ms | ActiveRecord: 0.2ms)


Started GET "/sockjs-node/595/fgulau40/websocket" for 127.0.0.1 at 2020-07-16 10:36:58 -0700
  
ActionController::RoutingError (No route matches [GET] "/sockjs-node/595/fgulau40/websocket"):
  
actionpack (5.2.1) lib/action_dispatch/middleware/debug_exceptions.rb:65:in `call'
actionpack (5.2.1) lib/action_dispatch/middleware/show_exceptions.rb:33:in `call'
railties (5.2.1) lib/rails/rack/logger.rb:38:in `call_app'
railties (5.2.1) lib/rails/rack/logger.rb:26:in `block in call'
activesupport (5.2.1) lib/active_support/tagged_logging.rb:71:in `block in tagged'
activesupport (5.2.1) lib/active_support/tagged_logging.rb:28:in `tagged'
activesupport (5.2.1) lib/active_support/tagged_logging.rb:71:in `tagged'
railties (5.2.1) lib/rails/rack/logger.rb:26:in `call'
actionpack (5.2.1) lib/action_dispatch/middleware/remote_ip.rb:81:in `call'
actionpack (5.2.1) lib/action_dispatch/middleware/request_id.rb:27:in `call'
rack (2.0.6) lib/rack/runtime.rb:22:in `call'
activesupport (5.2.1) lib/active_support/cache/strategy/local_cache_middleware.rb:29:in `call'
actionpack (5.2.1) lib/action_dispatch/middleware/executor.rb:14:in `call'
actionpack (5.2.1) lib/action_dispatch/middleware/static.rb:127:in `call'
rack (2.0.6) lib/rack/sendfile.rb:111:in `call'
rack-cors (1.0.2) lib/rack/cors.rb:97:in `call'
railties (5.2.1) lib/rails/engine.rb:524:in `call'
puma (3.12.0) lib/puma/configuration.rb:225:in `call'
puma (3.12.0) lib/puma/server.rb:658:in `handle_request'
puma (3.12.0) lib/puma/server.rb:472:in `process_client'
puma (3.12.0) lib/puma/server.rb:332:in `block in run'
puma (3.12.0) lib/puma/thread_pool.rb:133:in `block in spawn_thread'
Started POST "/api/v1/players" for 127.0.0.1 at 2020-07-16 10:37:10 -0700
Started POST "/api/v1/players" for 127.0.0.1 at 2020-07-16 10:37:10 -0700
Processing by Api::V1::PlayersController#create as HTML
  Parameters: {"player"=>{"name"=>"foo", "wins"=>1, "losses"=>0, "draws"=>0}}
Processing by Api::V1::PlayersController#create as HTML
  Parameters: {"player"=>{"name"=>"bar", "wins"=>0, "losses"=>1, "draws"=>0}}
  [1m[35m (0.1ms)[0m  [1m[36mbegin transaction[0m
  [1m[35m (0.0ms)[0m  [1m[36mbegin transaction[0m
  ↳ app/controllers/api/v1/players_controller.rb:22
  [1m[36mPlayer Create (0.3ms)[0m  [1m[32mINSERT INTO "players" ("name", "losses", "created_at", "updated_at") VALUES (?, ?, ?, ?)[0m  [["name", "bar"], ["losses", 1], ["created_at", "2020-07-16 17:37:10.081847"], ["updated_at", "2020-07-16 17:37:10.081847"]]
  ↳ app/controllers/api/v1/players_controller.rb:22
  ↳ app/controllers/api/v1/players_controller.rb:22
  [1m[36mPlayer Create (0.3ms)[0m  [1m[32mINSERT INTO "players" ("name", "wins", "created_at", "updated_at") VALUES (?, ?, ?, ?)[0m  [["name", "foo"], ["wins", 1], ["created_at", "2020-07-16 17:37:10.390456"], ["updated_at", "2020-07-16 17:37:10.390456"]]
  ↳ app/controllers/api/v1/players_controller.rb:22
  [1m[35m (308.1ms)[0m  [1m[36mcommit transaction[0m
  ↳ app/controllers/api/v1/players_controller.rb:22
Completed 201 Created in 652ms (Views: 0.3ms | ActiveRecord: 308.4ms)


  [1m[35m (339.4ms)[0m  [1m[36mcommit transaction[0m
  ↳ app/controllers/api/v1/players_controller.rb:22
Completed 201 Created in 653ms (Views: 0.2ms | ActiveRecord: 339.8ms)


Started POST "/api/v1/players" for 127.0.0.1 at 2020-07-16 10:39:27 -0700
Processing by Api::V1::PlayersController#create as HTML
  Parameters: {"player"=>{"name"=>"Foo", "wins"=>1, "losses"=>0, "draws"=>0}}
Started POST "/api/v1/players" for 127.0.0.1 at 2020-07-16 10:39:27 -0700
  [1m[35m (0.1ms)[0m  [1m[36mbegin transaction[0m
  ↳ app/controllers/api/v1/players_controller.rb:22
  [1m[36mPlayer Create (0.3ms)[0m  [1m[32mINSERT INTO "players" ("name", "wins", "created_at", "updated_at") VALUES (?, ?, ?, ?)[0m  [["name", "Foo"], ["wins", 1], ["created_at", "2020-07-16 17:39:27.647455"], ["updated_at", "2020-07-16 17:39:27.647455"]]
Processing by Api::V1::PlayersController#create as HTML
  ↳ app/controllers/api/v1/players_controller.rb:22
  Parameters: {"player"=>{"name"=>"f", "wins"=>0, "losses"=>1, "draws"=>0}}
  [1m[35m (0.1ms)[0m  [1m[36mbegin transaction[0m
  [1m[35m (339.3ms)[0m  [1m[36mcommit transaction[0m
  ↳ app/controllers/api/v1/players_controller.rb:22
  ↳ app/controllers/api/v1/players_controller.rb:22
  [1m[36mPlayer Create (0.3ms)[0m  [1m[32mINSERT INTO "players" ("name", "losses", "created_at", "updated_at") VALUES (?, ?, ?, ?)[0m  [["name", "f"], ["losses", 1], ["created_at", "2020-07-16 17:39:27.989533"], ["updated_at", "2020-07-16 17:39:27.989533"]]
  ↳ app/controllers/api/v1/players_controller.rb:22
Completed 201 Created in 345ms (Views: 0.3ms | ActiveRecord: 339.6ms)


  [1m[35m (312.0ms)[0m  [1m[36mcommit transaction[0m
  ↳ app/controllers/api/v1/players_controller.rb:22
Completed 201 Created in 318ms (Views: 0.3ms | ActiveRecord: 312.4ms)


Started GET "/api/v1/players.json" for 127.0.0.1 at 2020-07-16 10:39:36 -0700
Processing by Api::V1::PlayersController#index as JSON
  [1m[36mPlayer Load (0.3ms)[0m  [1m[34mSELECT "players".* FROM "players"[0m
  ↳ app/controllers/api/v1/players_controller.rb:9
Completed 200 OK in 4ms (Views: 2.9ms | ActiveRecord: 0.3ms)


Started GET "/sockjs-node/171/h5yakmoi/websocket" for 127.0.0.1 at 2020-07-16 10:39:36 -0700
  
ActionController::RoutingError (No route matches [GET] "/sockjs-node/171/h5yakmoi/websocket"):
  
actionpack (5.2.1) lib/action_dispatch/middleware/debug_exceptions.rb:65:in `call'
actionpack (5.2.1) lib/action_dispatch/middleware/show_exceptions.rb:33:in `call'
railties (5.2.1) lib/rails/rack/logger.rb:38:in `call_app'
railties (5.2.1) lib/rails/rack/logger.rb:26:in `block in call'
activesupport (5.2.1) lib/active_support/tagged_logging.rb:71:in `block in tagged'
activesupport (5.2.1) lib/active_support/tagged_logging.rb:28:in `tagged'
activesupport (5.2.1) lib/active_support/tagged_logging.rb:71:in `tagged'
railties (5.2.1) lib/rails/rack/logger.rb:26:in `call'
actionpack (5.2.1) lib/action_dispatch/middleware/remote_ip.rb:81:in `call'
actionpack (5.2.1) lib/action_dispatch/middleware/request_id.rb:27:in `call'
rack (2.0.6) lib/rack/runtime.rb:22:in `call'
activesupport (5.2.1) lib/active_support/cache/strategy/local_cache_middleware.rb:29:in `call'
actionpack (5.2.1) lib/action_dispatch/middleware/executor.rb:14:in `call'
actionpack (5.2.1) lib/action_dispatch/middleware/static.rb:127:in `call'
rack (2.0.6) lib/rack/sendfile.rb:111:in `call'
rack-cors (1.0.2) lib/rack/cors.rb:97:in `call'
railties (5.2.1) lib/rails/engine.rb:524:in `call'
puma (3.12.0) lib/puma/configuration.rb:225:in `call'
puma (3.12.0) lib/puma/server.rb:658:in `handle_request'
puma (3.12.0) lib/puma/server.rb:472:in `process_client'
puma (3.12.0) lib/puma/server.rb:332:in `block in run'
puma (3.12.0) lib/puma/thread_pool.rb:133:in `block in spawn_thread'
Started GET "/api/v1/players.json" for 127.0.0.1 at 2020-07-16 11:32:35 -0700
Processing by Api::V1::PlayersController#index as JSON
  [1m[36mPlayer Load (0.2ms)[0m  [1m[34mSELECT "players".* FROM "players"[0m
  ↳ app/controllers/api/v1/players_controller.rb:9
Completed 200 OK in 3ms (Views: 2.5ms | ActiveRecord: 0.2ms)


Started GET "/sockjs-node/438/0uj5vjic/websocket" for 127.0.0.1 at 2020-07-16 11:32:35 -0700
  
ActionController::RoutingError (No route matches [GET] "/sockjs-node/438/0uj5vjic/websocket"):
  
actionpack (5.2.1) lib/action_dispatch/middleware/debug_exceptions.rb:65:in `call'
actionpack (5.2.1) lib/action_dispatch/middleware/show_exceptions.rb:33:in `call'
railties (5.2.1) lib/rails/rack/logger.rb:38:in `call_app'
railties (5.2.1) lib/rails/rack/logger.rb:26:in `block in call'
activesupport (5.2.1) lib/active_support/tagged_logging.rb:71:in `block in tagged'
activesupport (5.2.1) lib/active_support/tagged_logging.rb:28:in `tagged'
activesupport (5.2.1) lib/active_support/tagged_logging.rb:71:in `tagged'
railties (5.2.1) lib/rails/rack/logger.rb:26:in `call'
actionpack (5.2.1) lib/action_dispatch/middleware/remote_ip.rb:81:in `call'
actionpack (5.2.1) lib/action_dispatch/middleware/request_id.rb:27:in `call'
rack (2.0.6) lib/rack/runtime.rb:22:in `call'
activesupport (5.2.1) lib/active_support/cache/strategy/local_cache_middleware.rb:29:in `call'
actionpack (5.2.1) lib/action_dispatch/middleware/executor.rb:14:in `call'
actionpack (5.2.1) lib/action_dispatch/middleware/static.rb:127:in `call'
rack (2.0.6) lib/rack/sendfile.rb:111:in `call'
rack-cors (1.0.2) lib/rack/cors.rb:97:in `call'
railties (5.2.1) lib/rails/engine.rb:524:in `call'
puma (3.12.0) lib/puma/configuration.rb:225:in `call'
puma (3.12.0) lib/puma/server.rb:658:in `handle_request'
puma (3.12.0) lib/puma/server.rb:472:in `process_client'
puma (3.12.0) lib/puma/server.rb:332:in `block in run'
puma (3.12.0) lib/puma/thread_pool.rb:133:in `block in spawn_thread'
Started GET "/api/v1/players.json" for 127.0.0.1 at 2020-07-16 11:38:26 -0700
Processing by Api::V1::PlayersController#index as JSON
  [1m[36mPlayer Load (0.6ms)[0m  [1m[34mSELECT "players".* FROM "players"[0m
  ↳ app/controllers/api/v1/players_controller.rb:9
Completed 200 OK in 9ms (Views: 7.7ms | ActiveRecord: 0.6ms)


Started GET "/sockjs-node/719/xw1rqy4b/websocket" for 127.0.0.1 at 2020-07-16 11:38:26 -0700
  
ActionController::RoutingError (No route matches [GET] "/sockjs-node/719/xw1rqy4b/websocket"):
  
actionpack (5.2.1) lib/action_dispatch/middleware/debug_exceptions.rb:65:in `call'
actionpack (5.2.1) lib/action_dispatch/middleware/show_exceptions.rb:33:in `call'
railties (5.2.1) lib/rails/rack/logger.rb:38:in `call_app'
railties (5.2.1) lib/rails/rack/logger.rb:26:in `block in call'
activesupport (5.2.1) lib/active_support/tagged_logging.rb:71:in `block in tagged'
activesupport (5.2.1) lib/active_support/tagged_logging.rb:28:in `tagged'
activesupport (5.2.1) lib/active_support/tagged_logging.rb:71:in `tagged'
railties (5.2.1) lib/rails/rack/logger.rb:26:in `call'
actionpack (5.2.1) lib/action_dispatch/middleware/remote_ip.rb:81:in `call'
actionpack (5.2.1) lib/action_dispatch/middleware/request_id.rb:27:in `call'
rack (2.0.6) lib/rack/runtime.rb:22:in `call'
activesupport (5.2.1) lib/active_support/cache/strategy/local_cache_middleware.rb:29:in `call'
actionpack (5.2.1) lib/action_dispatch/middleware/executor.rb:14:in `call'
actionpack (5.2.1) lib/action_dispatch/middleware/static.rb:127:in `call'
rack (2.0.6) lib/rack/sendfile.rb:111:in `call'
rack-cors (1.0.2) lib/rack/cors.rb:97:in `call'
railties (5.2.1) lib/rails/engine.rb:524:in `call'
puma (3.12.0) lib/puma/configuration.rb:225:in `call'
puma (3.12.0) lib/puma/server.rb:658:in `handle_request'
puma (3.12.0) lib/puma/server.rb:472:in `process_client'
puma (3.12.0) lib/puma/server.rb:332:in `block in run'
puma (3.12.0) lib/puma/thread_pool.rb:133:in `block in spawn_thread'
Started GET "/api/v1/players.json" for 127.0.0.1 at 2020-07-16 12:02:02 -0700
Processing by Api::V1::PlayersController#index as JSON
  [1m[36mPlayer Load (0.2ms)[0m  [1m[34mSELECT "players".* FROM "players"[0m
  ↳ app/controllers/api/v1/players_controller.rb:9
Completed 200 OK in 3ms (Views: 2.3ms | ActiveRecord: 0.2ms)


Started GET "/sockjs-node/156/52wr4x4p/websocket" for 127.0.0.1 at 2020-07-16 12:02:02 -0700
  
ActionController::RoutingError (No route matches [GET] "/sockjs-node/156/52wr4x4p/websocket"):
  
actionpack (5.2.1) lib/action_dispatch/middleware/debug_exceptions.rb:65:in `call'
actionpack (5.2.1) lib/action_dispatch/middleware/show_exceptions.rb:33:in `call'
railties (5.2.1) lib/rails/rack/logger.rb:38:in `call_app'
railties (5.2.1) lib/rails/rack/logger.rb:26:in `block in call'
activesupport (5.2.1) lib/active_support/tagged_logging.rb:71:in `block in tagged'
activesupport (5.2.1) lib/active_support/tagged_logging.rb:28:in `tagged'
activesupport (5.2.1) lib/active_support/tagged_logging.rb:71:in `tagged'
railties (5.2.1) lib/rails/rack/logger.rb:26:in `call'
actionpack (5.2.1) lib/action_dispatch/middleware/remote_ip.rb:81:in `call'
actionpack (5.2.1) lib/action_dispatch/middleware/request_id.rb:27:in `call'
rack (2.0.6) lib/rack/runtime.rb:22:in `call'
activesupport (5.2.1) lib/active_support/cache/strategy/local_cache_middleware.rb:29:in `call'
actionpack (5.2.1) lib/action_dispatch/middleware/executor.rb:14:in `call'
actionpack (5.2.1) lib/action_dispatch/middleware/static.rb:127:in `call'
rack (2.0.6) lib/rack/sendfile.rb:111:in `call'
rack-cors (1.0.2) lib/rack/cors.rb:97:in `call'
railties (5.2.1) lib/rails/engine.rb:524:in `call'
puma (3.12.0) lib/puma/configuration.rb:225:in `call'
puma (3.12.0) lib/puma/server.rb:658:in `handle_request'
puma (3.12.0) lib/puma/server.rb:472:in `process_client'
puma (3.12.0) lib/puma/server.rb:332:in `block in run'
puma (3.12.0) lib/puma/thread_pool.rb:133:in `block in spawn_thread'
Started GET "/api/v1/players.json" for 127.0.0.1 at 2020-07-16 12:57:58 -0700
Processing by Api::V1::PlayersController#index as JSON
  [1m[36mPlayer Load (0.2ms)[0m  [1m[34mSELECT "players".* FROM "players"[0m
  ↳ app/controllers/api/v1/players_controller.rb:9
Completed 200 OK in 3ms (Views: 2.5ms | ActiveRecord: 0.2ms)


Started GET "/sockjs-node/084/kts1153n/websocket" for 127.0.0.1 at 2020-07-16 12:57:58 -0700
  
ActionController::RoutingError (No route matches [GET] "/sockjs-node/084/kts1153n/websocket"):
  
actionpack (5.2.1) lib/action_dispatch/middleware/debug_exceptions.rb:65:in `call'
actionpack (5.2.1) lib/action_dispatch/middleware/show_exceptions.rb:33:in `call'
railties (5.2.1) lib/rails/rack/logger.rb:38:in `call_app'
railties (5.2.1) lib/rails/rack/logger.rb:26:in `block in call'
activesupport (5.2.1) lib/active_support/tagged_logging.rb:71:in `block in tagged'
activesupport (5.2.1) lib/active_support/tagged_logging.rb:28:in `tagged'
activesupport (5.2.1) lib/active_support/tagged_logging.rb:71:in `tagged'
railties (5.2.1) lib/rails/rack/logger.rb:26:in `call'
actionpack (5.2.1) lib/action_dispatch/middleware/remote_ip.rb:81:in `call'
actionpack (5.2.1) lib/action_dispatch/middleware/request_id.rb:27:in `call'
rack (2.0.6) lib/rack/runtime.rb:22:in `call'
activesupport (5.2.1) lib/active_support/cache/strategy/local_cache_middleware.rb:29:in `call'
actionpack (5.2.1) lib/action_dispatch/middleware/executor.rb:14:in `call'
actionpack (5.2.1) lib/action_dispatch/middleware/static.rb:127:in `call'
rack (2.0.6) lib/rack/sendfile.rb:111:in `call'
rack-cors (1.0.2) lib/rack/cors.rb:97:in `call'
railties (5.2.1) lib/rails/engine.rb:524:in `call'
puma (3.12.0) lib/puma/configuration.rb:225:in `call'
puma (3.12.0) lib/puma/server.rb:658:in `handle_request'
puma (3.12.0) lib/puma/server.rb:472:in `process_client'
puma (3.12.0) lib/puma/server.rb:332:in `block in run'
puma (3.12.0) lib/puma/thread_pool.rb:133:in `block in spawn_thread'
